<?xml version="1.0" encoding="UTF-8"?>
<coverage generated="1653765654744" clover="3.2.0">
  <project timestamp="1653765654745" name="All files">
    <metrics statements="4" coveredstatements="4" conditionals="0" coveredconditionals="0" methods="2" coveredmethods="2" elements="6" coveredelements="6" complexity="0" loc="4" ncloc="4" packages="1" files="1" classes="1"/>
    <file name="ViaCep.ts" path="C:\Users\Juliana Guonik\Documents\XP 41\Projetos\la-vie-ts\la-vie-ts\src\infrastructure\viaCep\ViaCep.ts">
      <metrics statements="4" coveredstatements="4" conditionals="0" coveredconditionals="0" methods="2" coveredmethods="2"/>
      <line num="5" count="1" type="stmt"/>
      <line num="9" count="1" type="stmt"/>
      <line num="16" count="1" type="stmt"/>
      <line num="17" count="1" type="stmt"/>
    </file>
  </project>
</coverage>
