{"C:\\Users\\Juliana Guonik\\Documents\\XP 41\\Projetos\\la-vie-ts\\la-vie-ts\\src\\infrastructure\\viaCep\\ViaCep.ts": {"path":"C:\\Users\\Juliana Guonik\\Documents\\XP 41\\Projetos\\la-vie-ts\\la-vie-ts\\src\\infrastructure\\viaCep\\ViaCep.ts","statementMap":{"0":{"start":{"line":5,"column":23},"end":{"line":5,"column":47}},"1":{"start":{"line":9,"column":8},"end":{"line":11,"column":10}},"2":{"start":{"line":16,"column":19},"end":{"line":16,"column":62}},"3":{"start":{"line":17,"column":4},"end":{"line":17,"column":24}}},"fnMap":{"0":{"name":"(anonymous_0)","decl":{"start":{"line":8,"column":4},"end":{"line":8,"column":5}},"loc":{"start":{"line":8,"column":17},"end":{"line":12,"column":5}},"line":8},"1":{"name":"(anonymous_1)","decl":{"start":{"line":14,"column":3},"end":{"line":14,"column":4}},"loc":{"start":{"line":14,"column":39},"end":{"line":18,"column":5}},"line":14}},"branchMap":{},"s":{"0":1,"1":1,"2":1,"3":1},"f":{"0":1,"1":1},"b":{},"_coverageSchema":"1a1c01bbd47fc00a2c39e90264f33305004495a9","hash":"af08aaa29e7bf794a9a58e6c2477a050e6fcfb31"}
}
